<?xml version="1.0" encoding="UTF-8"?>
<!-- Generated by org.testng.reporters.JUnitReportReporter -->
<testsuite skipped="0" hostname="Arati-PC" name="p1.TestParameters" tests="1" failures="0" timestamp="15 Apr 2018 08:40:47 GMT" time="0.037" errors="0">
  <testcase name="setup" time="0.037" classname="p1.TestParameters"/>
</testsuite> <!-- p1.TestParameters -->
