<?xml version="1.0" encoding="UTF-8"?>
<!-- Generated by org.testng.reporters.JUnitReportReporter -->
<testsuite skipped="0" hostname="Arati-PC" name="p1.Test2" tests="3" failures="0" timestamp="22 Apr 2018 07:25:56 GMT" time="0.016" errors="0">
  <testcase name="m5" time="0.000" classname="p1.Test2"/>
  <testcase name="m4" time="0.000" classname="p1.Test2"/>
  <testcase name="m6" time="0.016" classname="p1.Test2"/>
</testsuite> <!-- p1.Test2 -->
